{"contracts/libraries/MerkleProofLib.sol":{"l":{"8":12,"9":12,"10":24,"11":24,"12":12,"14":12},"path":"/Users/logic/ethereum/merkle-drop/contracts/libraries/MerkleProofLib.sol","s":{"1":12,"2":12,"3":24,"4":24,"5":12,"6":12},"b":{"1":[12,12]},"f":{"1":12},"fnMap":{"1":{"name":"getMerkleRoot","line":7,"loc":{"start":{"line":7,"column":4},"end":{"line":17,"column":4}}}},"statementMap":{"1":{"start":{"line":8,"column":8},"end":{"line":8,"column":26}},"2":{"start":{"line":9,"column":8},"end":{"line":9,"column":238}},"3":{"start":{"line":10,"column":12},"end":{"line":10,"column":43}},"4":{"start":{"line":11,"column":12},"end":{"line":11,"column":344}},"5":{"start":{"line":12,"column":16},"end":{"line":12,"column":85}},"6":{"start":{"line":14,"column":16},"end":{"line":14,"column":85}}},"branchMap":{"1":{"line":11,"type":"if","locations":[{"start":{"line":11,"column":12},"end":{"line":11,"column":12}},{"start":{"line":11,"column":12},"end":{"line":11,"column":12}}]}}},"contracts/MerkleDistributor.sol":{"l":{"31":3,"32":3,"34":3,"35":3,"36":3,"37":3,"38":3,"42":12,"43":12,"44":12,"45":12,"46":12,"50":12,"51":12,"52":12,"56":12,"57":12,"59":12,"65":12,"66":12,"68":12},"path":"/Users/logic/ethereum/merkle-drop/contracts/MerkleDistributor.sol","s":{"1":3,"2":3,"3":3,"4":3,"5":3,"6":3,"7":3,"8":12,"9":12,"10":12,"11":12,"12":12,"13":12,"14":12,"15":12,"16":12,"17":12,"18":12,"19":12,"20":12,"21":12},"b":{"1":[3,0],"2":[3,0],"3":[12,0],"4":[12,0],"5":[12,0]},"f":{"1":3,"2":12,"3":12,"4":12},"fnMap":{"1":{"name":"newDistribuition","line":20,"loc":{"start":{"line":20,"column":4},"end":{"line":39,"column":4}}},"2":{"name":"isClaimed","line":41,"loc":{"start":{"line":41,"column":4},"end":{"line":47,"column":4}}},"3":{"name":"_setClaimed","line":49,"loc":{"start":{"line":49,"column":4},"end":{"line":53,"column":4}}},"4":{"name":"claim","line":55,"loc":{"start":{"line":55,"column":4},"end":{"line":75,"column":4}}}},"statementMap":{"1":{"start":{"line":31,"column":8},"end":{"line":31,"column":94}},"2":{"start":{"line":32,"column":8},"end":{"line":32,"column":50}},"3":{"start":{"line":34,"column":8},"end":{"line":34,"column":51}},"4":{"start":{"line":35,"column":8},"end":{"line":35,"column":36}},"5":{"start":{"line":36,"column":8},"end":{"line":36,"column":46}},"6":{"start":{"line":37,"column":8},"end":{"line":37,"column":36}},"7":{"start":{"line":38,"column":8},"end":{"line":38,"column":32}},"8":{"start":{"line":42,"column":8},"end":{"line":42,"column":46}},"9":{"start":{"line":43,"column":8},"end":{"line":43,"column":45}},"10":{"start":{"line":44,"column":8},"end":{"line":44,"column":74}},"11":{"start":{"line":45,"column":8},"end":{"line":45,"column":45}},"12":{"start":{"line":46,"column":8},"end":{"line":46,"column":41}},"13":{"start":{"line":50,"column":8},"end":{"line":50,"column":46}},"14":{"start":{"line":51,"column":8},"end":{"line":51,"column":45}},"15":{"start":{"line":52,"column":8},"end":{"line":52,"column":123}},"16":{"start":{"line":56,"column":8},"end":{"line":56,"column":74}},"17":{"start":{"line":57,"column":8},"end":{"line":57,"column":74}},"18":{"start":{"line":59,"column":8},"end":{"line":59,"column":1978}},"19":{"start":{"line":65,"column":8},"end":{"line":65,"column":64}},"20":{"start":{"line":66,"column":8},"end":{"line":66,"column":37}},"21":{"start":{"line":68,"column":8},"end":{"line":68,"column":2286}}},"branchMap":{"1":{"line":31,"type":"if","locations":[{"start":{"line":31,"column":8},"end":{"line":31,"column":8}},{"start":{"line":31,"column":8},"end":{"line":31,"column":8}}]},"2":{"line":32,"type":"if","locations":[{"start":{"line":32,"column":8},"end":{"line":32,"column":8}},{"start":{"line":32,"column":8},"end":{"line":32,"column":8}}]},"3":{"line":59,"type":"if","locations":[{"start":{"line":59,"column":8},"end":{"line":59,"column":8}},{"start":{"line":59,"column":8},"end":{"line":59,"column":8}}]},"4":{"line":65,"type":"if","locations":[{"start":{"line":65,"column":8},"end":{"line":65,"column":8}},{"start":{"line":65,"column":8},"end":{"line":65,"column":8}}]},"5":{"line":68,"type":"if","locations":[{"start":{"line":68,"column":8},"end":{"line":68,"column":8}},{"start":{"line":68,"column":8},"end":{"line":68,"column":8}}]}}}}