{"contracts/libraries/MerkleProofLib.sol":{"l":{"8":31,"9":31,"10":62,"11":62,"12":28,"14":34},"path":"/Users/logic/ethereum/merkle-drop/contracts/libraries/MerkleProofLib.sol","s":{"1":31,"2":31,"3":62,"4":62,"5":28,"6":34},"b":{"1":[28,34]},"f":{"1":31},"fnMap":{"1":{"name":"getMerkleRoot","line":7,"loc":{"start":{"line":7,"column":4},"end":{"line":17,"column":4}}}},"statementMap":{"1":{"start":{"line":8,"column":8},"end":{"line":8,"column":26}},"2":{"start":{"line":9,"column":8},"end":{"line":9,"column":238}},"3":{"start":{"line":10,"column":12},"end":{"line":10,"column":43}},"4":{"start":{"line":11,"column":12},"end":{"line":11,"column":344}},"5":{"start":{"line":12,"column":16},"end":{"line":12,"column":85}},"6":{"start":{"line":14,"column":16},"end":{"line":14,"column":85}}},"branchMap":{"1":{"line":11,"type":"if","locations":[{"start":{"line":11,"column":12},"end":{"line":11,"column":12}},{"start":{"line":11,"column":12},"end":{"line":11,"column":12}}]}}},"contracts/MerkleDistributor.sol":{"l":{"30":22,"31":20,"32":18,"33":16,"34":14,"36":12,"37":12,"38":12,"39":12,"40":12,"44":27,"45":27,"46":27,"47":27,"48":27,"52":25,"53":25,"54":25,"58":31,"59":31,"61":31,"67":27,"68":25,"70":25,"77":23},"path":"/Users/logic/ethereum/merkle-drop/contracts/MerkleDistributor.sol","s":{"1":22,"2":20,"3":18,"4":16,"5":14,"6":12,"7":12,"8":12,"9":12,"10":12,"11":27,"12":27,"13":27,"14":27,"15":27,"16":25,"17":25,"18":25,"19":31,"20":31,"21":31,"22":27,"23":25,"24":25,"25":23},"b":{"1":[20,2],"2":[18,2],"3":[16,2],"4":[14,2],"5":[12,2],"6":[27,4],"7":[25,2],"8":[23,2]},"f":{"1":22,"2":27,"3":25,"4":31},"fnMap":{"1":{"name":"newDistribuition","line":20,"loc":{"start":{"line":20,"column":4},"end":{"line":41,"column":4}}},"2":{"name":"isClaimed","line":43,"loc":{"start":{"line":43,"column":4},"end":{"line":49,"column":4}}},"3":{"name":"_setClaimed","line":51,"loc":{"start":{"line":51,"column":4},"end":{"line":55,"column":4}}},"4":{"name":"claim","line":57,"loc":{"start":{"line":57,"column":4},"end":{"line":78,"column":4}}}},"statementMap":{"1":{"start":{"line":30,"column":8},"end":{"line":30,"column":94}},"2":{"start":{"line":31,"column":8},"end":{"line":31,"column":54}},"3":{"start":{"line":32,"column":8},"end":{"line":32,"column":50}},"4":{"start":{"line":33,"column":8},"end":{"line":33,"column":62}},"5":{"start":{"line":34,"column":8},"end":{"line":34,"column":50}},"6":{"start":{"line":36,"column":8},"end":{"line":36,"column":51}},"7":{"start":{"line":37,"column":8},"end":{"line":37,"column":36}},"8":{"start":{"line":38,"column":8},"end":{"line":38,"column":46}},"9":{"start":{"line":39,"column":8},"end":{"line":39,"column":36}},"10":{"start":{"line":40,"column":8},"end":{"line":40,"column":32}},"11":{"start":{"line":44,"column":8},"end":{"line":44,"column":46}},"12":{"start":{"line":45,"column":8},"end":{"line":45,"column":45}},"13":{"start":{"line":46,"column":8},"end":{"line":46,"column":74}},"14":{"start":{"line":47,"column":8},"end":{"line":47,"column":45}},"15":{"start":{"line":48,"column":8},"end":{"line":48,"column":41}},"16":{"start":{"line":52,"column":8},"end":{"line":52,"column":46}},"17":{"start":{"line":53,"column":8},"end":{"line":53,"column":45}},"18":{"start":{"line":54,"column":8},"end":{"line":54,"column":123}},"19":{"start":{"line":58,"column":8},"end":{"line":58,"column":74}},"20":{"start":{"line":59,"column":8},"end":{"line":59,"column":74}},"21":{"start":{"line":61,"column":8},"end":{"line":61,"column":2148}},"22":{"start":{"line":67,"column":8},"end":{"line":67,"column":64}},"23":{"start":{"line":68,"column":8},"end":{"line":68,"column":37}},"24":{"start":{"line":70,"column":8},"end":{"line":70,"column":2464}},"25":{"start":{"line":77,"column":8},"end":{"line":77,"column":72}}},"branchMap":{"1":{"line":30,"type":"if","locations":[{"start":{"line":30,"column":8},"end":{"line":30,"column":8}},{"start":{"line":30,"column":8},"end":{"line":30,"column":8}}]},"2":{"line":31,"type":"if","locations":[{"start":{"line":31,"column":8},"end":{"line":31,"column":8}},{"start":{"line":31,"column":8},"end":{"line":31,"column":8}}]},"3":{"line":32,"type":"if","locations":[{"start":{"line":32,"column":8},"end":{"line":32,"column":8}},{"start":{"line":32,"column":8},"end":{"line":32,"column":8}}]},"4":{"line":33,"type":"if","locations":[{"start":{"line":33,"column":8},"end":{"line":33,"column":8}},{"start":{"line":33,"column":8},"end":{"line":33,"column":8}}]},"5":{"line":34,"type":"if","locations":[{"start":{"line":34,"column":8},"end":{"line":34,"column":8}},{"start":{"line":34,"column":8},"end":{"line":34,"column":8}}]},"6":{"line":61,"type":"if","locations":[{"start":{"line":61,"column":8},"end":{"line":61,"column":8}},{"start":{"line":61,"column":8},"end":{"line":61,"column":8}}]},"7":{"line":67,"type":"if","locations":[{"start":{"line":67,"column":8},"end":{"line":67,"column":8}},{"start":{"line":67,"column":8},"end":{"line":67,"column":8}}]},"8":{"line":70,"type":"if","locations":[{"start":{"line":70,"column":8},"end":{"line":70,"column":8}},{"start":{"line":70,"column":8},"end":{"line":70,"column":8}}]}}}}