{
"contracts/libraries/MerkleProofLib.sol":{"l":{"8":21,"9":21,"10":42,"11":42,"12":17,"14":25},"path":"/Users/logic/ethereum/merkle-drop/contracts/libraries/MerkleProofLib.sol","s":{"1":21,"2":21,"3":42,"4":42,"5":17,"6":25},"b":{"1":[17,25]},"f":{"1":21},"fnMap":{"1":{"name":"getMerkleRoot","line":7,"loc":{"start":{"line":7,"column":4},"end":{"line":17,"column":4}}}},"statementMap":{"1":{"start":{"line":8,"column":8},"end":{"line":8,"column":26}},"2":{"start":{"line":9,"column":8},"end":{"line":9,"column":238}},"3":{"start":{"line":10,"column":12},"end":{"line":10,"column":43}},"4":{"start":{"line":11,"column":12},"end":{"line":11,"column":344}},"5":{"start":{"line":12,"column":16},"end":{"line":12,"column":85}},"6":{"start":{"line":14,"column":16},"end":{"line":14,"column":85}}},"branchMap":{"1":{"line":11,"type":"if","locations":[{"start":{"line":11,"column":12},"end":{"line":11,"column":12}},{"start":{"line":11,"column":12},"end":{"line":11,"column":12}}]}}},
"contracts/MerkleDistributor.sol":{"l":{"30":18,"31":16,"32":14,"33":12,"34":10,"36":8,"37":8,"38":8,"39":8,"40":8,"44":17,"45":17,"46":17,"47":17,"48":17,"52":15,"53":15,"54":15,"58":21,"59":21,"61":21,"67":17,"68":15,"70":15},"path":"/Users/logic/ethereum/merkle-drop/contracts/MerkleDistributor.sol","s":{"1":18,"2":16,"3":14,"4":12,"5":10,"6":8,"7":8,"8":8,"9":8,"10":8,"11":17,"12":17,"13":17,"14":17,"15":17,"16":15,"17":15,"18":15,"19":21,"20":21,"21":21,"22":17,"23":15,"24":15},"b":{"1":[16,2],"2":[14,2],"3":[12,2],"4":[10,2],"5":[8,2],"6":[17,4],"7":[15,2],"8":[13,2]},"f":{"1":18,"2":17,"3":15,"4":21},"fnMap":{"1":{"name":"newDistribuition","line":20,"loc":{"start":{"line":20,"column":4},"end":{"line":41,"column":4}}},"2":{"name":"isClaimed","line":43,"loc":{"start":{"line":43,"column":4},"end":{"line":49,"column":4}}},"3":{"name":"_setClaimed","line":51,"loc":{"start":{"line":51,"column":4},"end":{"line":55,"column":4}}},"4":{"name":"claim","line":57,"loc":{"start":{"line":57,"column":4},"end":{"line":77,"column":4}}}},"statementMap":{"1":{"start":{"line":30,"column":8},"end":{"line":30,"column":94}},"2":{"start":{"line":31,"column":8},"end":{"line":31,"column":54}},"3":{"start":{"line":32,"column":8},"end":{"line":32,"column":50}},"4":{"start":{"line":33,"column":8},"end":{"line":33,"column":62}},"5":{"start":{"line":34,"column":8},"end":{"line":34,"column":50}},"6":{"start":{"line":36,"column":8},"end":{"line":36,"column":51}},"7":{"start":{"line":37,"column":8},"end":{"line":37,"column":36}},"8":{"start":{"line":38,"column":8},"end":{"line":38,"column":46}},"9":{"start":{"line":39,"column":8},"end":{"line":39,"column":36}},"10":{"start":{"line":40,"column":8},"end":{"line":40,"column":32}},"11":{"start":{"line":44,"column":8},"end":{"line":44,"column":46}},"12":{"start":{"line":45,"column":8},"end":{"line":45,"column":45}},"13":{"start":{"line":46,"column":8},"end":{"line":46,"column":74}},"14":{"start":{"line":47,"column":8},"end":{"line":47,"column":45}},"15":{"start":{"line":48,"column":8},"end":{"line":48,"column":41}},"16":{"start":{"line":52,"column":8},"end":{"line":52,"column":46}},"17":{"start":{"line":53,"column":8},"end":{"line":53,"column":45}},"18":{"start":{"line":54,"column":8},"end":{"line":54,"column":123}},"19":{"start":{"line":58,"column":8},"end":{"line":58,"column":74}},"20":{"start":{"line":59,"column":8},"end":{"line":59,"column":74}},"21":{"start":{"line":61,"column":8},"end":{"line":61,"column":2148}},"22":{"start":{"line":67,"column":8},"end":{"line":67,"column":64}},"23":{"start":{"line":68,"column":8},"end":{"line":68,"column":37}},"24":{"start":{"line":70,"column":8},"end":{"line":70,"column":2464}}},"branchMap":{"1":{"line":30,"type":"if","locations":[{"start":{"line":30,"column":8},"end":{"line":30,"column":8}},{"start":{"line":30,"column":8},"end":{"line":30,"column":8}}]},"2":{"line":31,"type":"if","locations":[{"start":{"line":31,"column":8},"end":{"line":31,"column":8}},{"start":{"line":31,"column":8},"end":{"line":31,"column":8}}]},"3":{"line":32,"type":"if","locations":[{"start":{"line":32,"column":8},"end":{"line":32,"column":8}},{"start":{"line":32,"column":8},"end":{"line":32,"column":8}}]},"4":{"line":33,"type":"if","locations":[{"start":{"line":33,"column":8},"end":{"line":33,"column":8}},{"start":{"line":33,"column":8},"end":{"line":33,"column":8}}]},"5":{"line":34,"type":"if","locations":[{"start":{"line":34,"column":8},"end":{"line":34,"column":8}},{"start":{"line":34,"column":8},"end":{"line":34,"column":8}}]},"6":{"line":61,"type":"if","locations":[{"start":{"line":61,"column":8},"end":{"line":61,"column":8}},{"start":{"line":61,"column":8},"end":{"line":61,"column":8}}]},"7":{"line":67,"type":"if","locations":[{"start":{"line":67,"column":8},"end":{"line":67,"column":8}},{"start":{"line":67,"column":8},"end":{"line":67,"column":8}}]},"8":{"line":70,"type":"if","locations":[{"start":{"line":70,"column":8},"end":{"line":70,"column":8}},{"start":{"line":70,"column":8},"end":{"line":70,"column":8}}]}}}}
