TN:
SF:/Users/logic/ethereum/merkle-drop/contracts/libraries/MerkleProofLib.sol
FN:7,getMerkleRoot
FNF:1
FNH:1
FNDA:31,getMerkleRoot
DA:8,31
DA:9,31
DA:10,62
DA:11,62
DA:12,28
DA:14,34
LF:6
LH:6
BRDA:11,1,0,28
BRDA:11,1,1,34
BRF:2
BRH:2
end_of_record
TN:
SF:/Users/logic/ethereum/merkle-drop/contracts/MerkleDistributor.sol
FN:20,newDistribuition
FN:43,isClaimed
FN:51,_setClaimed
FN:57,claim
FNF:4
FNH:4
FNDA:22,newDistribuition
FNDA:27,isClaimed
FNDA:25,_setClaimed
FNDA:31,claim
DA:30,22
DA:31,20
DA:32,18
DA:33,16
DA:34,14
DA:36,12
DA:37,12
DA:38,12
DA:39,12
DA:40,12
DA:44,27
DA:45,27
DA:46,27
DA:47,27
DA:48,27
DA:52,25
DA:53,25
DA:54,25
DA:58,31
DA:59,31
DA:61,31
DA:67,27
DA:68,25
DA:70,25
DA:77,23
LF:25
LH:25
BRDA:30,1,0,20
BRDA:30,1,1,2
BRDA:31,2,0,18
BRDA:31,2,1,2
BRDA:32,3,0,16
BRDA:32,3,1,2
BRDA:33,4,0,14
BRDA:33,4,1,2
BRDA:34,5,0,12
BRDA:34,5,1,2
BRDA:61,6,0,27
BRDA:61,6,1,4
BRDA:67,7,0,25
BRDA:67,7,1,2
BRDA:70,8,0,23
BRDA:70,8,1,2
BRF:16
BRH:16
end_of_record
