TN:
SF:/Users/logic/ethereum/merkle-drop/contracts/libraries/MerkleProofLib.sol
FN:7,getMerkleRoot
FNF:1
FNH:1
FNDA:2,getMerkleRoot
DA:8,2
DA:9,2
DA:10,4
DA:11,4
DA:12,2
DA:14,2
LF:6
LH:6
BRDA:11,1,0,2
BRDA:11,1,1,2
BRF:2
BRH:2
end_of_record
TN:
SF:/Users/logic/ethereum/merkle-drop/contracts/MerkleDistributor.sol
FN:20,newDistribuition
FN:43,isClaimed
FN:51,_setClaimed
FN:57,claim
FNF:4
FNH:4
FNDA:2,newDistribuition
FNDA:2,isClaimed
FNDA:2,_setClaimed
FNDA:2,claim
DA:30,2
DA:31,2
DA:32,2
DA:33,2
DA:34,2
DA:36,2
DA:37,2
DA:38,2
DA:39,2
DA:40,2
DA:44,2
DA:45,2
DA:46,2
DA:47,2
DA:48,2
DA:52,2
DA:53,2
DA:54,2
DA:58,2
DA:59,2
DA:61,2
DA:67,2
DA:68,2
DA:70,2
LF:24
LH:24
BRDA:30,1,0,2
BRDA:30,1,1,0
BRDA:31,2,0,2
BRDA:31,2,1,0
BRDA:32,3,0,2
BRDA:32,3,1,0
BRDA:33,4,0,2
BRDA:33,4,1,0
BRDA:34,5,0,2
BRDA:34,5,1,0
BRDA:61,6,0,2
BRDA:61,6,1,0
BRDA:67,7,0,2
BRDA:67,7,1,0
BRDA:70,8,0,2
BRDA:70,8,1,0
BRF:16
BRH:8
end_of_record
